========================================
同步开始: Thu  7 May 2026 12:22:20 HKT
拉取最新代码...
From https://github.com/HELLOPERRYXU/v0-ai-llmops-prototype
 * branch            main       -> FETCH_HEAD
Already up to date.
同步文档...
发现变更，提交到 Git...
[main 301e198] docs: 自动同步 Dify 分析文档 - 2026-05-07 12:22:22
 87 files changed, 2511 insertions(+)
 create mode 100644 docs/dify-analysis/Dify-PRD-Complete.md
 create mode 100644 docs/dify-analysis/Dify-v0dev-Prompts-Updated.md
 create mode 100644 docs/dify-analysis/FINAL_COMPLETE_REPORT.md
 create mode 100644 docs/dify-analysis/QUICK_START.md
 create mode 100644 docs/dify-analysis/SCREENSHOTS_INVENTORY.md
 create mode 100644 docs/dify-analysis/screenshots/01-apps-list.png
 create mode 100644 docs/dify-analysis/screenshots/05-datasets-list.png
 create mode 100644 docs/dify-analysis/screenshots/06-dataset-detail.png
 create mode 100644 docs/dify-analysis/screenshots/07-create-dataset.png
 create mode 100644 docs/dify-analysis/screenshots/08-tools.png
 create mode 100644 docs/dify-analysis/screenshots/09-plugins.png
 create mode 100644 docs/dify-analysis/screenshots/10-explore.png
 create mode 100644 docs/dify-analysis/screenshots/13-workspace-settings.png
 create mode 100644 docs/dify-analysis/screenshots/21-datasets-main.png
 create mode 100644 docs/dify-analysis/screenshots/22-tools-main.png
 create mode 100644 docs/dify-analysis/screenshots/23-plugins-main.png
 create mode 100644 docs/dify-analysis/screenshots/24-explore-apps.png
 create mode 100644 docs/dify-analysis/screenshots/25-explore-plugins.png
 create mode 100644 docs/dify-analysis/screenshots/26-account-settings.png
 create mode 100644 docs/dify-analysis/screenshots/27-workspace-settings.png
 create mode 100644 docs/dify-analysis/screenshots/28-workspace-members.png
 create mode 100644 docs/dify-analysis/screenshots/29-model-provider.png
 create mode 100644 docs/dify-analysis/screenshots/30-api-keys.png
 create mode 100644 docs/dify-analysis/screenshots/31-page-01.png
 create mode 100644 docs/dify-analysis/screenshots/32-page-02.png
 create mode 100644 docs/dify-analysis/screenshots/33-page-03.png
 create mode 100644 docs/dify-analysis/screenshots/34-page-04.png
 create mode 100644 docs/dify-analysis/screenshots/35-page-05.png
 create mode 100644 docs/dify-analysis/screenshots/36-page-06.png
 create mode 100644 docs/dify-analysis/screenshots/37-page-07.png
 create mode 100644 docs/dify-analysis/screenshots/38-page-08.png
 create mode 100644 docs/dify-analysis/screenshots/39-page-09.png
 create mode 100644 docs/dify-analysis/screenshots/40-page-10.png
 create mode 100644 docs/dify-analysis/screenshots/41-page-11.png
 create mode 100644 docs/dify-analysis/screenshots/42-page-12.png
 create mode 100644 docs/dify-analysis/screenshots/43-page-13.png
 create mode 100644 docs/dify-analysis/screenshots/44-page-14.png
 create mode 100644 docs/dify-analysis/screenshots/45-page-15.png
 create mode 100644 docs/dify-analysis/screenshots/46-page-16.png
 create mode 100644 docs/dify-analysis/screenshots/47-page-17.png
 create mode 100644 docs/dify-analysis/screenshots/48-page-18.png
 create mode 100644 docs/dify-analysis/screenshots/49-page-19.png
 create mode 100644 docs/dify-analysis/screenshots/50-page-20.png
 create mode 100644 docs/dify-analysis/screenshots/51-page-21.png
 create mode 100644 docs/dify-analysis/screenshots/52-page-22.png
 create mode 100644 docs/dify-analysis/screenshots/53-page-23.png
 create mode 100644 docs/dify-analysis/screenshots/54-page-24.png
 create mode 100644 docs/dify-analysis/screenshots/55-page-25.png
 create mode 100644 docs/dify-analysis/screenshots/56-page-26.png
 create mode 100644 docs/dify-analysis/screenshots/57-page-27.png
 create mode 100644 docs/dify-analysis/screenshots/58-page-28.png
 create mode 100644 docs/dify-analysis/screenshots/59-page-29.png
 create mode 100644 docs/dify-analysis/screenshots/60-page-30.png
 create mode 100644 docs/dify-analysis/screenshots/61-page-31.png
 create mode 100644 docs/dify-analysis/screenshots/62-page-32.png
 create mode 100644 "docs/dify-analysis/screenshots/Screenshot 2026-04-29 at 10.16.00\342\200\257PM.png"
 create mode 100644 "docs/dify-analysis/screenshots/Screenshot 2026-04-29 at 10.16.25\342\200\257PM.png"
 create mode 100644 "docs/dify-analysis/screenshots/Screenshot 2026-04-29 at 10.31.48\342\200\257PM.png"
 create mode 100644 "docs/dify-analysis/screenshots/Screenshot 2026-04-29 at 10.32.29\342\200\257PM.png"
 create mode 100644 "docs/dify-analysis/screenshots/Screenshot 2026-04-29 at 10.32.37\342\200\257PM.png"
 create mode 100644 "docs/dify-analysis/screenshots/Screenshot 2026-04-29 at 10.32.43\342\200\257PM.png"
 create mode 100644 "docs/dify-analysis/screenshots/Screenshot 2026-04-29 at 10.50.58\342\200\257PM.png"
 create mode 100644 "docs/dify-analysis/screenshots/Screenshot 2026-04-29 at 10.51.25\342\200\257PM.png"
 create mode 100644 "docs/dify-analysis/screenshots/Screenshot 2026-04-29 at 4.29.03\342\200\257PM.png"
 create mode 100644 "docs/dify-analysis/screenshots/Screenshot 2026-04-29 at 4.29.32\342\200\257PM.png"
 create mode 100644 "docs/dify-analysis/screenshots/Screenshot 2026-04-29 at 4.30.03\342\200\257PM.png"
 create mode 100644 "docs/dify-analysis/screenshots/Screenshot 2026-04-29 at 4.30.08\342\200\257PM.png"
 create mode 100644 "docs/dify-analysis/screenshots/Screenshot 2026-04-29 at 4.30.11\342\200\257PM.png"
 create mode 100644 "docs/dify-analysis/screenshots/Screenshot 2026-04-29 at 4.30.15\342\200\257PM.png"
 create mode 100644 "docs/dify-analysis/screenshots/Screenshot 2026-04-29 at 4.30.19\342\200\257PM.png"
 create mode 100644 "docs/dify-analysis/screenshots/Screenshot 2026-04-29 at 4.30.25\342\200\257PM.png"
 create mode 100644 "docs/dify-analysis/screenshots/Screenshot 2026-04-29 at 4.30.28\342\200\257PM.png"
 create mode 100644 "docs/dify-analysis/screenshots/Screenshot 2026-04-29 at 4.30.56\342\200\257PM.png"
 create mode 100644 "docs/dify-analysis/screenshots/Screenshot 2026-04-29 at 4.31.02\342\200\257PM.png"
 create mode 100644 "docs/dify-analysis/screenshots/Screenshot 2026-04-29 at 4.31.09\342\200\257PM.png"
 create mode 100644 "docs/dify-analysis/screenshots/Screenshot 2026-04-29 at 4.31.15\342\200\257PM.png"
 create mode 100644 "docs/dify-analysis/screenshots/Screenshot 2026-04-29 at 4.31.36\342\200\257PM.png"
 create mode 100644 "docs/dify-analysis/screenshots/Screenshot 2026-04-29 at 4.31.48\342\200\257PM.png"
 create mode 100644 "docs/dify-analysis/screenshots/Screenshot 2026-04-29 at 4.31.54\342\200\257PM.png"
 create mode 100644 "docs/dify-analysis/screenshots/Screenshot 2026-04-29 at 4.31.57\342\200\257PM.png"
 create mode 100644 "docs/dify-analysis/screenshots/Screenshot 2026-04-29 at 4.32.27\342\200\257PM.png"
 create mode 100644 "docs/dify-analysis/screenshots/Screenshot 2026-04-29 at 4.32.33\342\200\257PM.png"
 create mode 100644 "docs/dify-analysis/screenshots/Screenshot 2026-04-29 at 4.32.37\342\200\257PM.png"
 create mode 100644 "docs/dify-analysis/screenshots/Screenshot 2026-04-29 at 4.32.41\342\200\257PM.png"
 create mode 100644 "docs/dify-analysis/screenshots/Screenshot 2026-04-29 at 4.33.02\342\200\257PM.png"
 create mode 100644 "docs/dify-analysis/screenshots/Screenshot 2026-04-29 at 4.33.20\342\200\257PM.png"
 create mode 100644 "docs/dify-analysis/screenshots/Screenshot 2026-04-29 at 4.33.29\342\200\257PM.png"
To https://github.com/HELLOPERRYXU/v0-ai-llmops-prototype.git
   529ee58..301e198  main -> main
✅ 同步成功！
同步完成: Thu  7 May 2026 12:22:30 HKT

